Starting add variables run
Using input file ./dat/Dijet10.list
Will create file: /DFS-L/DATA/whiteson/kgreif/ModTaggingData/user.csauer.364707.Pythia8EvtGen_A14NNPDF23LO_jetjet_JZ7WithSW.Flattener_v2.UFOVSD.Constit_tree.root/user.csauer.23228615._000008.tree.root
#--------------------------------------------------------------------------
#                         FastJet release 3.4.0
#                 M. Cacciari, G.P. Salam and G. Soyez                  
#     A software package for jet finding and analysis at colliders      
#                           http://fastjet.fr                           
#	                                                                      
# Please cite EPJC72(2012)1896 [arXiv:1111.6097] if you use this package
# for scientific work and optionally PLB641(2006)57 [hep-ph/0512210].   
#                                                                       
# FastJet is provided without warranty under the GNU GPL v2 or higher.  
# It uses T. Chan's closest pair algorithm, S. Fortune's Voronoi code
# and 3rd party plugin jet algorithms. See COPYING file for details.
#--------------------------------------------------------------------------
Number of jets in file: 2239763

Will create file: /DFS-L/DATA/whiteson/kgreif/ModTaggingData/user.csauer.364707.Pythia8EvtGen_A14NNPDF23LO_jetjet_JZ7WithSW.Flattener_v2.UFOVSD.Constit_tree.root/user.csauer.23228615._000006.tree.root
Number of jets in file: 199988

Will create file: /DFS-L/DATA/whiteson/kgreif/ModTaggingData/user.csauer.364707.Pythia8EvtGen_A14NNPDF23LO_jetjet_JZ7WithSW.Flattener_v2.UFOVSD.Constit_tree.root/user.csauer.23228615._000007.tree.root
Number of jets in file: 2179784

Will create file: /DFS-L/DATA/whiteson/kgreif/ModTaggingData/user.csauer.364707.Pythia8EvtGen_A14NNPDF23LO_jetjet_JZ7WithSW.Flattener_v2.UFOVSD.Constit_tree.root/user.csauer.23228615._000004.tree.root
Number of jets in file: 519936

Will create file: /DFS-L/DATA/whiteson/kgreif/ModTaggingData/user.csauer.364707.Pythia8EvtGen_A14NNPDF23LO_jetjet_JZ7WithSW.Flattener_v2.UFOVSD.Constit_tree.root/user.csauer.23228615._000005.tree.root
Number of jets in file: 199975

Will create file: /DFS-L/DATA/whiteson/kgreif/ModTaggingData/user.csauer.364707.Pythia8EvtGen_A14NNPDF23LO_jetjet_JZ7WithSW.Flattener_v2.UFOVSD.Constit_tree.root/user.csauer.23228615._000002.tree.root
Number of jets in file: 1499847

Will create file: /DFS-L/DATA/whiteson/kgreif/ModTaggingData/user.csauer.364707.Pythia8EvtGen_A14NNPDF23LO_jetjet_JZ7WithSW.Flattener_v2.UFOVSD.Constit_tree.root/user.csauer.23228615._000003.tree.root
Number of jets in file: 2987696

Will create file: /DFS-L/DATA/whiteson/kgreif/ModTaggingData/user.csauer.364707.Pythia8EvtGen_A14NNPDF23LO_jetjet_JZ7WithSW.Flattener_v2.UFOVSD.Constit_tree.root/user.csauer.23228615._000001.tree.root
Number of jets in file: 159991

Done!
Starting add variables run
Using input file ./dat/Dijet10.list
Will create file: /DFS-L/DATA/whiteson/kgreif/ModTaggingData/user.csauer.364707.Pythia8EvtGen_A14NNPDF23LO_jetjet_JZ7WithSW.Flattener_v2.UFOVSD.Constit_tree.root/user.csauer.23228615._000008.tree.root
#--------------------------------------------------------------------------
#                         FastJet release 3.4.0
#                 M. Cacciari, G.P. Salam and G. Soyez                  
#     A software package for jet finding and analysis at colliders      
#                           http://fastjet.fr                           
#	                                                                      
# Please cite EPJC72(2012)1896 [arXiv:1111.6097] if you use this package
# for scientific work and optionally PLB641(2006)57 [hep-ph/0512210].   
#                                                                       
# FastJet is provided without warranty under the GNU GPL v2 or higher.  
# It uses T. Chan's closest pair algorithm, S. Fortune's Voronoi code
# and 3rd party plugin jet algorithms. See COPYING file for details.
#--------------------------------------------------------------------------
Done!
Starting add variables run
Using input file ./dat/Dijet10.list
Will create file: /DFS-L/DATA/whiteson/kgreif/ModTaggingData/user.csauer.364707.Pythia8EvtGen_A14NNPDF23LO_jetjet_JZ7WithSW.Flattener_v2.UFOVSD.Constit_tree.root/user.csauer.23228615._000008.tree.root
#--------------------------------------------------------------------------
#                         FastJet release 3.4.0
#                 M. Cacciari, G.P. Salam and G. Soyez                  
#     A software package for jet finding and analysis at colliders      
#                           http://fastjet.fr                           
#	                                                                      
# Please cite EPJC72(2012)1896 [arXiv:1111.6097] if you use this package
# for scientific work and optionally PLB641(2006)57 [hep-ph/0512210].   
#                                                                       
# FastJet is provided without warranty under the GNU GPL v2 or higher.  
# It uses T. Chan's closest pair algorithm, S. Fortune's Voronoi code
# and 3rd party plugin jet algorithms. See COPYING file for details.
#--------------------------------------------------------------------------
Number of jets in file: 2239763

Will create file: /DFS-L/DATA/whiteson/kgreif/ModTaggingData/user.csauer.364707.Pythia8EvtGen_A14NNPDF23LO_jetjet_JZ7WithSW.Flattener_v2.UFOVSD.Constit_tree.root/user.csauer.23228615._000006.tree.root
Number of jets in file: 199988

Will create file: /DFS-L/DATA/whiteson/kgreif/ModTaggingData/user.csauer.364707.Pythia8EvtGen_A14NNPDF23LO_jetjet_JZ7WithSW.Flattener_v2.UFOVSD.Constit_tree.root/user.csauer.23228615._000007.tree.root
Number of jets in file: 2179784

Will create file: /DFS-L/DATA/whiteson/kgreif/ModTaggingData/user.csauer.364707.Pythia8EvtGen_A14NNPDF23LO_jetjet_JZ7WithSW.Flattener_v2.UFOVSD.Constit_tree.root/user.csauer.23228615._000004.tree.root
Number of jets in file: 519936

Will create file: /DFS-L/DATA/whiteson/kgreif/ModTaggingData/user.csauer.364707.Pythia8EvtGen_A14NNPDF23LO_jetjet_JZ7WithSW.Flattener_v2.UFOVSD.Constit_tree.root/user.csauer.23228615._000005.tree.root
Number of jets in file: 199975

Will create file: /DFS-L/DATA/whiteson/kgreif/ModTaggingData/user.csauer.364707.Pythia8EvtGen_A14NNPDF23LO_jetjet_JZ7WithSW.Flattener_v2.UFOVSD.Constit_tree.root/user.csauer.23228615._000002.tree.root
Number of jets in file: 1499847

Will create file: /DFS-L/DATA/whiteson/kgreif/ModTaggingData/user.csauer.364707.Pythia8EvtGen_A14NNPDF23LO_jetjet_JZ7WithSW.Flattener_v2.UFOVSD.Constit_tree.root/user.csauer.23228615._000003.tree.root
Number of jets in file: 2987696

Will create file: /DFS-L/DATA/whiteson/kgreif/ModTaggingData/user.csauer.364707.Pythia8EvtGen_A14NNPDF23LO_jetjet_JZ7WithSW.Flattener_v2.UFOVSD.Constit_tree.root/user.csauer.23228615._000001.tree.root
Number of jets in file: 159991

Done!
