Starting add variables run
Using input file ./dat/Dijet8.list
Will create file: /DFS-L/DATA/whiteson/kgreif/ModTaggingData/user.csauer.364703.Pythia8EvtGen_A14NNPDF23LO_jetjet_JZ3WithSW.Flattener_v2.UFOVSD.Constit_tree.root/user.csauer.23228583._000009.tree.root
#--------------------------------------------------------------------------
#                         FastJet release 3.4.0
#                 M. Cacciari, G.P. Salam and G. Soyez                  
#     A software package for jet finding and analysis at colliders      
#                           http://fastjet.fr                           
#	                                                                      
# Please cite EPJC72(2012)1896 [arXiv:1111.6097] if you use this package
# for scientific work and optionally PLB641(2006)57 [hep-ph/0512210].   
#                                                                       
# FastJet is provided without warranty under the GNU GPL v2 or higher.  
# It uses T. Chan's closest pair algorithm, S. Fortune's Voronoi code
# and 3rd party plugin jet algorithms. See COPYING file for details.
#--------------------------------------------------------------------------
Number of jets in file: 326259

Will create file: /DFS-L/DATA/whiteson/kgreif/ModTaggingData/user.csauer.364703.Pythia8EvtGen_A14NNPDF23LO_jetjet_JZ3WithSW.Flattener_v2.UFOVSD.Constit_tree.root/user.csauer.23228583._000008.tree.root
Number of jets in file: 1001347

Will create file: /DFS-L/DATA/whiteson/kgreif/ModTaggingData/user.csauer.364703.Pythia8EvtGen_A14NNPDF23LO_jetjet_JZ3WithSW.Flattener_v2.UFOVSD.Constit_tree.root/user.csauer.23228583._000004.tree.root
Number of jets in file: 1245199

Will create file: /DFS-L/DATA/whiteson/kgreif/ModTaggingData/user.csauer.364703.Pythia8EvtGen_A14NNPDF23LO_jetjet_JZ3WithSW.Flattener_v2.UFOVSD.Constit_tree.root/user.csauer.23228583._000005.tree.root
Number of jets in file: 1802664

Will create file: /DFS-L/DATA/whiteson/kgreif/ModTaggingData/user.csauer.364703.Pythia8EvtGen_A14NNPDF23LO_jetjet_JZ3WithSW.Flattener_v2.UFOVSD.Constit_tree.root/user.csauer.23228583._000006.tree.root
Number of jets in file: 868486

Will create file: /DFS-L/DATA/whiteson/kgreif/ModTaggingData/user.csauer.364703.Pythia8EvtGen_A14NNPDF23LO_jetjet_JZ3WithSW.Flattener_v2.UFOVSD.Constit_tree.root/user.csauer.23228583._000007.tree.root
Number of jets in file: 1235964

Will create file: /DFS-L/DATA/whiteson/kgreif/ModTaggingData/user.csauer.364703.Pythia8EvtGen_A14NNPDF23LO_jetjet_JZ3WithSW.Flattener_v2.UFOVSD.Constit_tree.root/user.csauer.23228583._000001.tree.root
Number of jets in file: 102254

Will create file: /DFS-L/DATA/whiteson/kgreif/ModTaggingData/user.csauer.364703.Pythia8EvtGen_A14NNPDF23LO_jetjet_JZ3WithSW.Flattener_v2.UFOVSD.Constit_tree.root/user.csauer.23228583._000003.tree.root
Number of jets in file: 489653

Will create file: /DFS-L/DATA/whiteson/kgreif/ModTaggingData/user.csauer.364703.Pythia8EvtGen_A14NNPDF23LO_jetjet_JZ3WithSW.Flattener_v2.UFOVSD.Constit_tree.root/user.csauer.23228583._000011.tree.root
Number of jets in file: 51136

Will create file: /DFS-L/DATA/whiteson/kgreif/ModTaggingData/user.csauer.364703.Pythia8EvtGen_A14NNPDF23LO_jetjet_JZ3WithSW.Flattener_v2.UFOVSD.Constit_tree.root/user.csauer.23228583._000010.tree.root
Number of jets in file: 1255927

Will create file: /DFS-L/DATA/whiteson/kgreif/ModTaggingData/user.csauer.364703.Pythia8EvtGen_A14NNPDF23LO_jetjet_JZ3WithSW.Flattener_v2.UFOVSD.Constit_tree.root/user.csauer.23228583._000013.tree.root
Number of jets in file: 102580

Will create file: /DFS-L/DATA/whiteson/kgreif/ModTaggingData/user.csauer.364703.Pythia8EvtGen_A14NNPDF23LO_jetjet_JZ3WithSW.Flattener_v2.UFOVSD.Constit_tree.root/user.csauer.23228583._000012.tree.root
Number of jets in file: 683701

Done!
Starting add variables run
Using input file ./dat/Dijet8.list
Will create file: /DFS-L/DATA/whiteson/kgreif/ModTaggingData/user.csauer.364703.Pythia8EvtGen_A14NNPDF23LO_jetjet_JZ3WithSW.Flattener_v2.UFOVSD.Constit_tree.root/user.csauer.23228583._000009.tree.root
#--------------------------------------------------------------------------
#                         FastJet release 3.4.0
#                 M. Cacciari, G.P. Salam and G. Soyez                  
#     A software package for jet finding and analysis at colliders      
#                           http://fastjet.fr                           
#	                                                                      
# Please cite EPJC72(2012)1896 [arXiv:1111.6097] if you use this package
# for scientific work and optionally PLB641(2006)57 [hep-ph/0512210].   
#                                                                       
# FastJet is provided without warranty under the GNU GPL v2 or higher.  
# It uses T. Chan's closest pair algorithm, S. Fortune's Voronoi code
# and 3rd party plugin jet algorithms. See COPYING file for details.
#--------------------------------------------------------------------------
Done!
Starting add variables run
Using input file ./dat/Dijet8.list
Will create file: /DFS-L/DATA/whiteson/kgreif/ModTaggingData/user.csauer.364703.Pythia8EvtGen_A14NNPDF23LO_jetjet_JZ3WithSW.Flattener_v2.UFOVSD.Constit_tree.root/user.csauer.23228583._000009.tree.root
#--------------------------------------------------------------------------
#                         FastJet release 3.4.0
#                 M. Cacciari, G.P. Salam and G. Soyez                  
#     A software package for jet finding and analysis at colliders      
#                           http://fastjet.fr                           
#	                                                                      
# Please cite EPJC72(2012)1896 [arXiv:1111.6097] if you use this package
# for scientific work and optionally PLB641(2006)57 [hep-ph/0512210].   
#                                                                       
# FastJet is provided without warranty under the GNU GPL v2 or higher.  
# It uses T. Chan's closest pair algorithm, S. Fortune's Voronoi code
# and 3rd party plugin jet algorithms. See COPYING file for details.
#--------------------------------------------------------------------------
Number of jets in file: 326259

Will create file: /DFS-L/DATA/whiteson/kgreif/ModTaggingData/user.csauer.364703.Pythia8EvtGen_A14NNPDF23LO_jetjet_JZ3WithSW.Flattener_v2.UFOVSD.Constit_tree.root/user.csauer.23228583._000008.tree.root
Number of jets in file: 1001347

Will create file: /DFS-L/DATA/whiteson/kgreif/ModTaggingData/user.csauer.364703.Pythia8EvtGen_A14NNPDF23LO_jetjet_JZ3WithSW.Flattener_v2.UFOVSD.Constit_tree.root/user.csauer.23228583._000004.tree.root
Number of jets in file: 1245199

Will create file: /DFS-L/DATA/whiteson/kgreif/ModTaggingData/user.csauer.364703.Pythia8EvtGen_A14NNPDF23LO_jetjet_JZ3WithSW.Flattener_v2.UFOVSD.Constit_tree.root/user.csauer.23228583._000005.tree.root
Number of jets in file: 1802664

Will create file: /DFS-L/DATA/whiteson/kgreif/ModTaggingData/user.csauer.364703.Pythia8EvtGen_A14NNPDF23LO_jetjet_JZ3WithSW.Flattener_v2.UFOVSD.Constit_tree.root/user.csauer.23228583._000006.tree.root
Number of jets in file: 868486

Will create file: /DFS-L/DATA/whiteson/kgreif/ModTaggingData/user.csauer.364703.Pythia8EvtGen_A14NNPDF23LO_jetjet_JZ3WithSW.Flattener_v2.UFOVSD.Constit_tree.root/user.csauer.23228583._000007.tree.root
Number of jets in file: 1235964

Will create file: /DFS-L/DATA/whiteson/kgreif/ModTaggingData/user.csauer.364703.Pythia8EvtGen_A14NNPDF23LO_jetjet_JZ3WithSW.Flattener_v2.UFOVSD.Constit_tree.root/user.csauer.23228583._000001.tree.root
Number of jets in file: 102254

Will create file: /DFS-L/DATA/whiteson/kgreif/ModTaggingData/user.csauer.364703.Pythia8EvtGen_A14NNPDF23LO_jetjet_JZ3WithSW.Flattener_v2.UFOVSD.Constit_tree.root/user.csauer.23228583._000003.tree.root
Number of jets in file: 489653

Will create file: /DFS-L/DATA/whiteson/kgreif/ModTaggingData/user.csauer.364703.Pythia8EvtGen_A14NNPDF23LO_jetjet_JZ3WithSW.Flattener_v2.UFOVSD.Constit_tree.root/user.csauer.23228583._000011.tree.root
Number of jets in file: 51136

Will create file: /DFS-L/DATA/whiteson/kgreif/ModTaggingData/user.csauer.364703.Pythia8EvtGen_A14NNPDF23LO_jetjet_JZ3WithSW.Flattener_v2.UFOVSD.Constit_tree.root/user.csauer.23228583._000010.tree.root
Number of jets in file: 1255927

Will create file: /DFS-L/DATA/whiteson/kgreif/ModTaggingData/user.csauer.364703.Pythia8EvtGen_A14NNPDF23LO_jetjet_JZ3WithSW.Flattener_v2.UFOVSD.Constit_tree.root/user.csauer.23228583._000013.tree.root
Number of jets in file: 102580

Will create file: /DFS-L/DATA/whiteson/kgreif/ModTaggingData/user.csauer.364703.Pythia8EvtGen_A14NNPDF23LO_jetjet_JZ3WithSW.Flattener_v2.UFOVSD.Constit_tree.root/user.csauer.23228583._000012.tree.root
Number of jets in file: 683701

Done!
