Starting add variables run
Using file ./dat/Zprime3.list
Using input file ./dat/Zprime3.list
Will create file: /DFS-L/DATA/whiteson/kgreif/ModTaggingData/user.csauer.426345.Pythia8EvtGen_A14NNPDF23LO_Zprime_tt_flatpT.Flattener_v2.UFOVSD.Constit_tree.root/user.csauer.23228575._000002.tree.root
#--------------------------------------------------------------------------
#                         FastJet release 3.4.0
#                 M. Cacciari, G.P. Salam and G. Soyez                  
#     A software package for jet finding and analysis at colliders      
#                           http://fastjet.fr                           
#	                                                                      
# Please cite EPJC72(2012)1896 [arXiv:1111.6097] if you use this package
# for scientific work and optionally PLB641(2006)57 [hep-ph/0512210].   
#                                                                       
# FastJet is provided without warranty under the GNU GPL v2 or higher.  
# It uses T. Chan's closest pair algorithm, S. Fortune's Voronoi code
# and 3rd party plugin jet algorithms. See COPYING file for details.
#--------------------------------------------------------------------------
Number of jets in file: 171609

Will create file: /DFS-L/DATA/whiteson/kgreif/ModTaggingData/user.csauer.426345.Pythia8EvtGen_A14NNPDF23LO_Zprime_tt_flatpT.Flattener_v2.UFOVSD.Constit_tree.root/user.csauer.23228575._000001.tree.root
Number of jets in file: 997030

Will create file: /DFS-L/DATA/whiteson/kgreif/ModTaggingData/user.csauer.426345.Pythia8EvtGen_A14NNPDF23LO_Zprime_tt_flatpT.Flattener_v2.UFOVSD.Constit_tree.root/user.csauer.23228575._000007.tree.root
Number of jets in file: 2147660

Will create file: /DFS-L/DATA/whiteson/kgreif/ModTaggingData/user.csauer.426345.Pythia8EvtGen_A14NNPDF23LO_Zprime_tt_flatpT.Flattener_v2.UFOVSD.Constit_tree.root/user.csauer.23228575._000006.tree.root
Number of jets in file: 4502704

Will create file: /DFS-L/DATA/whiteson/kgreif/ModTaggingData/user.csauer.426345.Pythia8EvtGen_A14NNPDF23LO_Zprime_tt_flatpT.Flattener_v2.UFOVSD.Constit_tree.root/user.csauer.23228575._000005.tree.root
Number of jets in file: 103462

Will create file: /DFS-L/DATA/whiteson/kgreif/ModTaggingData/user.csauer.426345.Pythia8EvtGen_A14NNPDF23LO_Zprime_tt_flatpT.Flattener_v2.UFOVSD.Constit_tree.root/user.csauer.23228575._000004.tree.root
Number of jets in file: 2921994

Done!
Starting add variables run
Using file ./dat/Zprime3.list
Using input file ./dat/Zprime3.list
Will create file: /DFS-L/DATA/whiteson/kgreif/ModTaggingData/user.csauer.426345.Pythia8EvtGen_A14NNPDF23LO_Zprime_tt_flatpT.Flattener_v2.UFOVSD.Constit_tree.root/user.csauer.23228575._000002.tree.root
#--------------------------------------------------------------------------
#                         FastJet release 3.4.0
#                 M. Cacciari, G.P. Salam and G. Soyez                  
#     A software package for jet finding and analysis at colliders      
#                           http://fastjet.fr                           
#	                                                                      
# Please cite EPJC72(2012)1896 [arXiv:1111.6097] if you use this package
# for scientific work and optionally PLB641(2006)57 [hep-ph/0512210].   
#                                                                       
# FastJet is provided without warranty under the GNU GPL v2 or higher.  
# It uses T. Chan's closest pair algorithm, S. Fortune's Voronoi code
# and 3rd party plugin jet algorithms. See COPYING file for details.
#--------------------------------------------------------------------------
Done!
Starting add variables run
Using file ./dat/Zprime3.list
Using input file ./dat/Zprime3.list
Will create file: /DFS-L/DATA/whiteson/kgreif/ModTaggingData/user.csauer.426345.Pythia8EvtGen_A14NNPDF23LO_Zprime_tt_flatpT.Flattener_v2.UFOVSD.Constit_tree.root/user.csauer.23228575._000002.tree.root
#--------------------------------------------------------------------------
#                         FastJet release 3.4.0
#                 M. Cacciari, G.P. Salam and G. Soyez                  
#     A software package for jet finding and analysis at colliders      
#                           http://fastjet.fr                           
#	                                                                      
# Please cite EPJC72(2012)1896 [arXiv:1111.6097] if you use this package
# for scientific work and optionally PLB641(2006)57 [hep-ph/0512210].   
#                                                                       
# FastJet is provided without warranty under the GNU GPL v2 or higher.  
# It uses T. Chan's closest pair algorithm, S. Fortune's Voronoi code
# and 3rd party plugin jet algorithms. See COPYING file for details.
#--------------------------------------------------------------------------
Number of jets in file: 171609

Will create file: /DFS-L/DATA/whiteson/kgreif/ModTaggingData/user.csauer.426345.Pythia8EvtGen_A14NNPDF23LO_Zprime_tt_flatpT.Flattener_v2.UFOVSD.Constit_tree.root/user.csauer.23228575._000001.tree.root
Number of jets in file: 997030

Will create file: /DFS-L/DATA/whiteson/kgreif/ModTaggingData/user.csauer.426345.Pythia8EvtGen_A14NNPDF23LO_Zprime_tt_flatpT.Flattener_v2.UFOVSD.Constit_tree.root/user.csauer.23228575._000007.tree.root
Number of jets in file: 2147660

Will create file: /DFS-L/DATA/whiteson/kgreif/ModTaggingData/user.csauer.426345.Pythia8EvtGen_A14NNPDF23LO_Zprime_tt_flatpT.Flattener_v2.UFOVSD.Constit_tree.root/user.csauer.23228575._000006.tree.root
Number of jets in file: 4502704

Will create file: /DFS-L/DATA/whiteson/kgreif/ModTaggingData/user.csauer.426345.Pythia8EvtGen_A14NNPDF23LO_Zprime_tt_flatpT.Flattener_v2.UFOVSD.Constit_tree.root/user.csauer.23228575._000005.tree.root
Number of jets in file: 103462

Will create file: /DFS-L/DATA/whiteson/kgreif/ModTaggingData/user.csauer.426345.Pythia8EvtGen_A14NNPDF23LO_Zprime_tt_flatpT.Flattener_v2.UFOVSD.Constit_tree.root/user.csauer.23228575._000004.tree.root
Number of jets in file: 2921994

Done!
